<?xml version="1.0" encoding="UTF-8"?>
<testng-results ignored="0" total="2" passed="2" failed="0" skipped="0">
  <reporter-output>
  </reporter-output>
  <suite started-at="2022-07-23T22:30:10 EET" name="Default suite" finished-at="2022-07-23T22:30:25 EET" duration-ms="15493">
    <groups>
    </groups>
    <test started-at="2022-07-23T22:30:10 EET" name="Default test" finished-at="2022-07-23T22:30:25 EET" duration-ms="15493">
      <class name="Tests.TestCases">
        <test-method is-config="true" signature="beforeClase()[pri:0, instance:Tests.TestCases@6892b3b6]" started-at="2022-07-23T22:30:10 EET" name="beforeClase" finished-at="2022-07-23T22:30:13 EET" duration-ms="3539" status="PASS">
          <reporter-output>
          </reporter-output>
        </test-method> <!-- beforeClase -->
        <test-method is-config="true" signature="beforMethod()[pri:0, instance:Tests.TestCases@6892b3b6]" started-at="2022-07-23T22:30:13 EET" name="beforMethod" finished-at="2022-07-23T22:30:15 EET" duration-ms="1941" status="PASS">
          <reporter-output>
          </reporter-output>
        </test-method> <!-- beforMethod -->
        <test-method signature="Registration()[pri:0, instance:Tests.TestCases@6892b3b6]" started-at="2022-07-23T22:30:15 EET" name="Registration" finished-at="2022-07-23T22:30:19 EET" duration-ms="3708" status="PASS">
          <reporter-output>
          </reporter-output>
        </test-method> <!-- Registration -->
        <test-method is-config="true" signature="beforMethod()[pri:0, instance:Tests.TestCases@6892b3b6]" started-at="2022-07-23T22:30:19 EET" name="beforMethod" finished-at="2022-07-23T22:30:19 EET" duration-ms="370" status="PASS">
          <reporter-output>
          </reporter-output>
        </test-method> <!-- beforMethod -->
        <test-method signature="AddItemToShoppingcart()[pri:0, instance:Tests.TestCases@6892b3b6]" started-at="2022-07-23T22:30:19 EET" name="AddItemToShoppingcart" finished-at="2022-07-23T22:30:25 EET" depends-on-methods="Tests.TestCases.Registration" duration-ms="5633" status="PASS">
          <reporter-output>
          </reporter-output>
        </test-method> <!-- AddItemToShoppingcart -->
        <test-method is-config="true" signature="afterClase()[pri:0, instance:Tests.TestCases@6892b3b6]" started-at="2022-07-23T22:30:25 EET" name="afterClase" finished-at="2022-07-23T22:30:25 EET" duration-ms="257" status="PASS">
          <reporter-output>
          </reporter-output>
        </test-method> <!-- afterClase -->
      </class> <!-- Tests.TestCases -->
    </test> <!-- Default test -->
  </suite> <!-- Default suite -->
</testng-results>
